<?xml version="1.0" encoding="UTF-8"?>
<testsuite xmlns:xsi="http://www.w3.org/2001/XMLSchema-instance" xsi:noNamespaceSchemaLocation="https://maven.apache.org/surefire/maven-surefire-plugin/xsd/surefire-test-report.xsd" name="com.lemon.mybatisplus.MyBatisPlusServiceTest" time="0.07" tests="2" errors="0" skipped="0" failures="0">
  <properties>
[...]
</properties>
  <testcase name="testGetCount" classname="com.lemon.mybatisplus.MyBatisPlusServiceTest" time="0.035"/>
  <testcase name="testBatchInsert" classname="com.lemon.mybatisplus.MyBatisPlusServiceTest" time="0.028"/>
</testsuite>