<?xml version="1.0" encoding="UTF-8"?>
<testsuite xmlns:xsi="http://www.w3.org/2001/XMLSchema-instance" xsi:noNamespaceSchemaLocation="https://maven.apache.org/surefire/maven-surefire-plugin/xsd/surefire-test-report.xsd" name="com.lemon.mybatisplus.MybatisPlusTest" time="0.134" tests="7" errors="1" skipped="0" failures="0">
  <properties>
[...]
</properties>
  <testcase name="testDeleteByMap" classname="com.lemon.mybatisplus.MybatisPlusTest" time="0.076">
    <error message="&#10;### Error updating database.  Cause: java.sql.SQLSyntaxErrorException: Unknown column &apos;name&apos; in &apos;where clause&apos;&#10;### The error may exist in com/lemon/mybatisplus/mapper/UserMapper.java (best guess)&#10;### The error may involve com.lemon.mybatisplus.mapper.UserMapper.deleteByMap-Inline&#10;### The error occurred while setting parameters&#10;### SQL: UPDATE user SET is_deleted=1  WHERE name = ?   AND age = ?     AND is_deleted=0&#10;### Cause: java.sql.SQLSyntaxErrorException: Unknown column &apos;name&apos; in &apos;where clause&apos;&#10;; bad SQL grammar []; nested exception is java.sql.SQLSyntaxErrorException: Unknown column &apos;name&apos; in &apos;where clause&apos;" type="org.springframework.jdbc.BadSqlGrammarException">org.springframework.jdbc.BadSqlGrammarException: 

### Error updating database.  Cause: java.sql.SQLSyntaxErrorException: Unknown column 'name' in 'where clause'
### The error may exist in com/lemon/mybatisplus/mapper/UserMapper.java (best guess)
### The error may involve com.lemon.mybatisplus.mapper.UserMapper.deleteByMap-Inline
### The error occurred while setting parameters
### SQL: UPDATE user SET is_deleted=1  WHERE name = ?   AND age = ?     AND is_deleted=0
### Cause: java.sql.SQLSyntaxErrorException: Unknown column 'name' in 'where clause'
; bad SQL grammar []; nested exception is java.sql.SQLSyntaxErrorException: Unknown column 'name' in 'where clause'
	at com.lemon.mybatisplus.MybatisPlusTest.testDeleteByMap(MybatisPlusTest.java:54)
Caused by: java.sql.SQLSyntaxErrorException: Unknown column 'name' in 'where clause'
	at com.lemon.mybatisplus.MybatisPlusTest.testDeleteByMap(MybatisPlusTest.java:54)
</error>
    <system-out><![CDATA[2022-07-07 18:33:07.318  INFO 8484 --- [           main] .b.t.c.SpringBootTestContextBootstrapper : Neither @ContextConfiguration nor @ContextHierarchy found for test class [com.lemon.mybatisplus.MybatisPlusTest], using SpringBootContextLoader
2022-07-07 18:33:07.319  INFO 8484 --- [           main] o.s.t.c.support.AbstractContextLoader    : Could not detect default resource locations for test class [com.lemon.mybatisplus.MybatisPlusTest]: no resource found for suffixes {-context.xml, Context.groovy}.
2022-07-07 18:33:07.319  INFO 8484 --- [           main] t.c.s.AnnotationConfigContextLoaderUtils : Could not detect default configuration classes for test class [com.lemon.mybatisplus.MybatisPlusTest]: MybatisPlusTest does not declare any static, non-private, non-final, nested classes annotated with @Configuration.
2022-07-07 18:33:07.321  INFO 8484 --- [           main] .b.t.c.SpringBootTestContextBootstrapper : Found @SpringBootConfiguration com.lemon.mybatisplus.MybatisplusApplication for test class com.lemon.mybatisplus.MybatisPlusTest
2022-07-07 18:33:07.322  INFO 8484 --- [           main] .b.t.c.SpringBootTestContextBootstrapper : Loaded default TestExecutionListener class names from location [META-INF/spring.factories]: [org.springframework.boot.test.mock.mockito.MockitoTestExecutionListener, org.springframework.boot.test.mock.mockito.ResetMocksTestExecutionListener, org.springframework.boot.test.autoconfigure.restdocs.RestDocsTestExecutionListener, org.springframework.boot.test.autoconfigure.web.client.MockRestServiceServerResetTestExecutionListener, org.springframework.boot.test.autoconfigure.web.servlet.MockMvcPrintOnlyOnFailureTestExecutionListener, org.springframework.boot.test.autoconfigure.web.servlet.WebDriverTestExecutionListener, org.springframework.boot.test.autoconfigure.webservices.client.MockWebServiceServerTestExecutionListener, org.springframework.test.context.web.ServletTestExecutionListener, org.springframework.test.context.support.DirtiesContextBeforeModesTestExecutionListener, org.springframework.test.context.event.ApplicationEventsTestExecutionListener, org.springframework.test.context.support.DependencyInjectionTestExecutionListener, org.springframework.test.context.support.DirtiesContextTestExecutionListener, org.springframework.test.context.transaction.TransactionalTestExecutionListener, org.springframework.test.context.jdbc.SqlScriptsTestExecutionListener, org.springframework.test.context.event.EventPublishingTestExecutionListener]
2022-07-07 18:33:07.323  INFO 8484 --- [           main] .b.t.c.SpringBootTestContextBootstrapper : Using TestExecutionListeners: [org.springframework.test.context.support.DirtiesContextBeforeModesTestExecutionListener@1507c3c3, org.springframework.test.context.event.ApplicationEventsTestExecutionListener@655a01d8, org.springframework.boot.test.mock.mockito.MockitoTestExecutionListener@c29fe36, org.springframework.boot.test.autoconfigure.SpringBootDependencyInjectionTestExecutionListener@6614bd4b, org.springframework.test.context.support.DirtiesContextTestExecutionListener@4d266391, org.springframework.test.context.transaction.TransactionalTestExecutionListener@7847ef2c, org.springframework.test.context.jdbc.SqlScriptsTestExecutionListener@3b5c665c, org.springframework.test.context.event.EventPublishingTestExecutionListener@78e17a99, org.springframework.boot.test.mock.mockito.ResetMocksTestExecutionListener@625a4ff, org.springframework.boot.test.autoconfigure.restdocs.RestDocsTestExecutionListener@41dc0598, org.springframework.boot.test.autoconfigure.web.client.MockRestServiceServerResetTestExecutionListener@196ae579, org.springframework.boot.test.autoconfigure.web.servlet.MockMvcPrintOnlyOnFailureTestExecutionListener@6a2c717f, org.springframework.boot.test.autoconfigure.web.servlet.WebDriverTestExecutionListener@41853299, org.springframework.boot.test.autoconfigure.webservices.client.MockWebServiceServerTestExecutionListener@60d40ff4]
Creating a new SqlSession
SqlSession [org.apache.ibatis.session.defaults.DefaultSqlSession@27755487] was not registered for synchronization because synchronization is not active
JDBC Connection [HikariProxyConnection@2107873140 wrapping com.mysql.cj.jdbc.ConnectionImpl@46aa712c] will not be managed by Spring
==>  Preparing: UPDATE user SET is_deleted=1 WHERE name = ? AND age = ? AND is_deleted=0
==> Parameters: 张三(String), 23(Integer)
Closing non transactional SqlSession [org.apache.ibatis.session.defaults.DefaultSqlSession@27755487]
]]></system-out>
  </testcase>
  <testcase name="testDeleteByBatchIds" classname="com.lemon.mybatisplus.MybatisPlusTest" time="0.011"/>
  <testcase name="testDeleteByID" classname="com.lemon.mybatisplus.MybatisPlusTest" time="0.004"/>
  <testcase name="testInsert" classname="com.lemon.mybatisplus.MybatisPlusTest" time="0.007"/>
  <testcase name="testSelect" classname="com.lemon.mybatisplus.MybatisPlusTest" time="0.008"/>
  <testcase name="testUpdate" classname="com.lemon.mybatisplus.MybatisPlusTest" time="0.008"/>
  <testcase name="testSelectList" classname="com.lemon.mybatisplus.MybatisPlusTest" time="0.007"/>
</testsuite>