<?xml version="1.0" encoding="UTF-8" ?>
<testsuite tests="5" failures="0" name="com.lemon.mybatis.test.SelectMapperTest" time="0.139" errors="0" skipped="0">
  <properties>
[...]
</properties>
  <testcase classname="com.lemon.mybatis.test.SelectMapperTest" name="testGetUserByIdToMap" time="0.029"/>
  <testcase classname="com.lemon.mybatis.test.SelectMapperTest" name="testGetCount" time="0.028"/>
  <testcase classname="com.lemon.mybatis.test.SelectMapperTest" name="testGetAllUserToMap" time="0.036"/>
  <testcase classname="com.lemon.mybatis.test.SelectMapperTest" name="testGetAllUser" time="0.023"/>
  <testcase classname="com.lemon.mybatis.test.SelectMapperTest" name="testGetUserById" time="0.023"/>
</testsuite>